<?xml version="1.0" encoding="UTF-8"?>
<!-- Generated by org.testng.reporters.JUnitReportReporter -->
<testsuite hostname="DESKTOP-3FJFT86" failures="0" tests="1" name="com.zoho.testscript.CreateCustomer" time="8.935" errors="0" timestamp="2023-05-31T21:14:50 GMT-07:00" skipped="0">
  <testcase classname="com.zoho.testscript.CreateCustomer" name="TestCreateCustomer" time="8.935"/>
  <system-out>
    <![CDATA[Shahbaz]]>
  </system-out>
</testsuite> <!-- com.zoho.testscript.CreateCustomer -->
