<?xml version="1.0" encoding="UTF-8"?>
<!-- Generated by org.testng.reporters.JUnitReportReporter -->
<testsuite hostname="DESKTOP-3FJFT86" failures="0" tests="1" name="com.zoho.testcript.CreateCustomer" time="2.976" errors="0" timestamp="2023-05-27T06:31:36 GMT-07:00" skipped="0">
  <testcase classname="com.zoho.testcript.CreateCustomer" name="TestCreateCustomer" time="2.976"/>
  <system-out>
    <![CDATA[Shahbaz]]>
  </system-out>
</testsuite> <!-- com.zoho.testcript.CreateCustomer -->
